<testsuites>
  <errors>2</errors>
  <failures>0</failures>
  <tests>20</tests>
  <testsuite>
    <name>full</name>
    <tests>10</tests>
    <skipped>9</skipped>
    <errors>1</errors>
    <failures>0</failures>
    <testcase>
      <name>ctrl</name>
      <classname>bgpCtxAfPol</classname>
      <skipped></skipped>
    </testcase>
    <testcase>
      <name>descr</name>
      <classname>bgpCtxAfPol</classname>
      <skipped></skipped>
    </testcase>
    <testcase>
      <name>eDist</name>
      <classname>bgpCtxAfPol</classname>
      <skipped></skipped>
    </testcase>
    <testcase>
      <name>iDist</name>
      <classname>bgpCtxAfPol</classname>
      <skipped></skipped>
    </testcase>
    <testcase>
      <name>localDist</name>
      <classname>bgpCtxAfPol</classname>
      <skipped></skipped>
    </testcase>
    <testcase>
      <name>maxEcmp</name>
      <classname>bgpCtxAfPol</classname>
      <skipped></skipped>
    </testcase>
    <testcase>
      <name>maxEcmpIbgp</name>
      <classname>bgpCtxAfPol</classname>
      <skipped></skipped>
    </testcase>
    <testcase>
      <name>maxLocalEcmp</name>
      <classname>bgpCtxAfPol</classname>
      <skipped></skipped>
    </testcase>
    <testcase>
      <name>name</name>
      <classname>bgpCtxAfPol</classname>
      <skipped></skipped>
    </testcase>
    <testcase>
      <name>(destroy)</name>
      <classname>(destroy)</classname>
      <error>
        <message>failed to destroy objects created during test (NOTE: leftover remote objects may still exist)</message>
      </error>
      <system-out>&#xA;Warning: The test provider is experimental&#xA;&#xA;  with provider[&#34;terraform.io/builtin/test&#34;],&#xA;The Terraform team is using the test provider&#xA;(terraform.io/builtin/test) as part of ongoing research about&#xA;declarative testing of Terraform modules.&#xA;&#xA;The availability and behavior of this provider is expected to&#xA;change significantly even in patch releases, so we recommend using&#xA;this provider only in test configurations and constraining your&#xA;test configurations to an exact Terraform version.&#xA;&#xA;Error: Invalid DN uni/tn-TF/BD-TEST_MINIMAL/bgpCtxAfP-TEST_MINIMAL, wrong rn prefix bgpCtxAfP- at position 48&#xA;&#xA;  with data.aci_rest_managed.bgpCtxAfPol,&#xA;  on tests/full/test_full.tf line 37:&#xA;  (source code not available)&#xA;&#xA;</system-out>
    </testcase>
  </testsuite>
  <testsuite>
    <name>minimal</name>
    <tests>10</tests>
    <skipped>9</skipped>
    <errors>1</errors>
    <failures>0</failures>
    <testcase>
      <name>ctrl</name>
      <classname>bgpCtxAfPol</classname>
      <skipped></skipped>
    </testcase>
    <testcase>
      <name>descr</name>
      <classname>bgpCtxAfPol</classname>
      <skipped></skipped>
    </testcase>
    <testcase>
      <name>eDist</name>
      <classname>bgpCtxAfPol</classname>
      <skipped></skipped>
    </testcase>
    <testcase>
      <name>iDist</name>
      <classname>bgpCtxAfPol</classname>
      <skipped></skipped>
    </testcase>
    <testcase>
      <name>localDist</name>
      <classname>bgpCtxAfPol</classname>
      <skipped></skipped>
    </testcase>
    <testcase>
      <name>maxEcmp</name>
      <classname>bgpCtxAfPol</classname>
      <skipped></skipped>
    </testcase>
    <testcase>
      <name>maxEcmpIbgp</name>
      <classname>bgpCtxAfPol</classname>
      <skipped></skipped>
    </testcase>
    <testcase>
      <name>maxLocalEcmp</name>
      <classname>bgpCtxAfPol</classname>
      <skipped></skipped>
    </testcase>
    <testcase>
      <name>name</name>
      <classname>bgpCtxAfPol</classname>
      <skipped></skipped>
    </testcase>
    <testcase>
      <name>(destroy)</name>
      <classname>(destroy)</classname>
      <error>
        <message>failed to destroy objects created during test (NOTE: leftover remote objects may still exist)</message>
      </error>
      <system-out>&#xA;Warning: The test provider is experimental&#xA;&#xA;  with provider[&#34;terraform.io/builtin/test&#34;],&#xA;The Terraform team is using the test provider&#xA;(terraform.io/builtin/test) as part of ongoing research about&#xA;declarative testing of Terraform modules.&#xA;&#xA;The availability and behavior of this provider is expected to&#xA;change significantly even in patch releases, so we recommend using&#xA;this provider only in test configurations and constraining your&#xA;test configurations to an exact Terraform version.&#xA;&#xA;Error: Invalid DN uni/tn-TF/BD-TEST_MINIMAL/bgpCtxAfP-TEST_MINIMAL, wrong rn prefix bgpCtxAfP- at position 48&#xA;&#xA;  with data.aci_rest_managed.bgpCtxAfPol,&#xA;  on tests/minimal/test_minimal.tf line 29:&#xA;  (source code not available)&#xA;&#xA;</system-out>
    </testcase>
  </testsuite>
</testsuites>